{"level":"info","message":"Running on port 3000!","timestamp":"2016-09-26T15:18:11.682Z"}
{"level":"info","message":"Connected to DB!","timestamp":"2016-09-26T15:18:12.629Z"}
{"level":"error","message":"MongoError E11000 duplicate key error index: peacful_base.users.$email_1 dup key: { : \"nodesynebo@gmail.com\" }","timestamp":"2016-09-26T15:18:12.936Z"}
{"level":"info","message":"GET /api/users","timestamp":"2016-09-26T15:18:23.704Z"}
{"level":"info","message":"Body: {}","timestamp":"2016-09-26T15:18:23.705Z"}
{"level":"info","message":"GET /api/users/role","timestamp":"2016-09-26T15:18:57.516Z"}
{"level":"info","message":"Body: {}","timestamp":"2016-09-26T15:18:57.516Z"}
{"level":"info","message":"GET /api/users/role","timestamp":"2016-09-26T15:19:17.542Z"}
{"level":"info","message":"Body: {}","timestamp":"2016-09-26T15:19:17.542Z"}
{"level":"info","message":"Running on port 3000!","timestamp":"2016-09-26T15:31:39.498Z"}
{"level":"info","message":"Connected to DB!","timestamp":"2016-09-26T15:31:40.393Z"}
{"level":"error","message":"MongoError E11000 duplicate key error index: peacful_base.users.$email_1 dup key: { : \"nodesynebo@gmail.com\" }","timestamp":"2016-09-26T15:31:40.708Z"}
{"level":"info","message":"Running on port 3000!","timestamp":"2016-09-26T16:25:54.430Z"}
{"level":"info","message":"Connected to DB!","timestamp":"2016-09-26T16:25:55.384Z"}
{"level":"error","message":"MongoError E11000 duplicate key error index: peacful_base.users.$email_1 dup key: { : \"nodesynebo@gmail.com\" }","timestamp":"2016-09-26T16:25:55.692Z"}
{"level":"info","message":"GET /api/users/role","timestamp":"2016-09-26T16:26:08.371Z"}
{"level":"info","message":"Body: {}","timestamp":"2016-09-26T16:26:08.371Z"}
{"level":"info","message":"GET /api/users/role","timestamp":"2016-09-26T16:26:23.988Z"}
{"level":"info","message":"Body: {}","timestamp":"2016-09-26T16:26:23.989Z"}
{"level":"info","message":"GET /api/users/role","timestamp":"2016-09-26T16:26:28.419Z"}
{"level":"info","message":"Body: {}","timestamp":"2016-09-26T16:26:28.421Z"}
{"level":"info","message":"GET /api/users/role","timestamp":"2016-09-26T16:26:44.009Z"}
{"level":"info","message":"Body: {}","timestamp":"2016-09-26T16:26:44.010Z"}
{"level":"info","message":"GET /api/users/role","timestamp":"2016-09-26T16:28:23.992Z"}
{"level":"info","message":"Body: {}","timestamp":"2016-09-26T16:28:23.992Z"}
{"level":"info","message":"GET /api/users/role","timestamp":"2016-09-26T16:28:44.018Z"}
{"level":"info","message":"Body: {}","timestamp":"2016-09-26T16:28:44.019Z"}
{"level":"info","message":"GET /api/users/role","timestamp":"2016-09-26T16:28:51.159Z"}
{"level":"info","message":"Body: {}","timestamp":"2016-09-26T16:28:51.159Z"}
{"level":"info","message":"GET /api/users/role","timestamp":"2016-09-26T16:28:52.145Z"}
{"level":"info","message":"Body: {}","timestamp":"2016-09-26T16:28:52.146Z"}
{"level":"info","message":"GET /api/users/role","timestamp":"2016-09-26T16:28:53.458Z"}
{"level":"info","message":"Body: {}","timestamp":"2016-09-26T16:28:53.458Z"}
{"level":"info","message":"GET /api/users/role","timestamp":"2016-09-26T16:28:57.933Z"}
{"level":"info","message":"Body: {}","timestamp":"2016-09-26T16:28:57.933Z"}
{"level":"info","message":"GET /api/users/role","timestamp":"2016-09-26T16:29:17.978Z"}
{"level":"info","message":"Body: {}","timestamp":"2016-09-26T16:29:17.978Z"}
{"level":"info","message":"GET /api/users/role","timestamp":"2016-09-26T16:30:53.461Z"}
{"level":"info","message":"Body: {}","timestamp":"2016-09-26T16:30:53.461Z"}
{"level":"info","message":"GET /api/users/role","timestamp":"2016-09-26T16:30:57.936Z"}
{"level":"info","message":"Body: {}","timestamp":"2016-09-26T16:30:57.936Z"}
{"level":"info","message":"GET /api/users/role","timestamp":"2016-09-26T16:31:17.981Z"}
{"level":"info","message":"Body: {}","timestamp":"2016-09-26T16:31:17.981Z"}
{"level":"info","message":"GET /api/users/role","timestamp":"2016-09-26T16:32:51.492Z"}
{"level":"info","message":"Body: {}","timestamp":"2016-09-26T16:32:51.494Z"}
{"level":"info","message":"GET /api/users/role","timestamp":"2016-09-26T16:32:51.540Z"}
{"level":"info","message":"Body: {}","timestamp":"2016-09-26T16:32:51.541Z"}
{"level":"info","message":"GET /api/users/role","timestamp":"2016-09-26T16:32:53.465Z"}
{"level":"info","message":"Body: {}","timestamp":"2016-09-26T16:32:53.466Z"}
{"level":"info","message":"Running on port 3000!","timestamp":"2016-09-26T16:46:14.268Z"}
{"level":"info","message":"Connected to DB!","timestamp":"2016-09-26T16:46:15.217Z"}
{"level":"error","message":"MongoError E11000 duplicate key error index: peacful_base.users.$email_1 dup key: { : \"nodesynebo@gmail.com\" }","timestamp":"2016-09-26T16:46:15.523Z"}
{"level":"info","message":"GET /api/users/role","timestamp":"2016-09-26T16:46:22.909Z"}
{"level":"info","message":"Body: {}","timestamp":"2016-09-26T16:46:22.909Z"}
{"level":"info","message":"POST /api/users/login","timestamp":"2016-09-26T16:46:35.584Z"}
{"level":"info","message":"Body: {\"email\":\"nodesynebo@gmail.com\",\"password\":\"rout_main6\"}","timestamp":"2016-09-26T16:46:35.584Z"}
{"level":"info","message":"GET /api/users","timestamp":"2016-09-26T16:46:35.874Z"}
{"level":"info","message":"Body: {}","timestamp":"2016-09-26T16:46:35.875Z"}
{"level":"info","message":"GET /api/cases","timestamp":"2016-09-26T16:46:37.739Z"}
{"level":"info","message":"Body: {}","timestamp":"2016-09-26T16:46:37.739Z"}
{"level":"info","message":"GET /api/users/role","timestamp":"2016-09-26T16:46:42.928Z"}
{"level":"info","message":"Body: {}","timestamp":"2016-09-26T16:46:42.928Z"}
{"level":"info","message":"GET /api/users/role","timestamp":"2016-09-26T16:46:55.786Z"}
{"level":"info","message":"Body: {}","timestamp":"2016-09-26T16:46:55.787Z"}
{"level":"info","message":"GET /api/users/role","timestamp":"2016-09-26T16:46:57.651Z"}
{"level":"info","message":"Body: {}","timestamp":"2016-09-26T16:46:57.651Z"}
{"level":"info","message":"GET /api/users/role","timestamp":"2016-09-26T16:47:04.853Z"}
{"level":"info","message":"Body: {}","timestamp":"2016-09-26T16:47:04.854Z"}
{"level":"info","message":"GET /api/users/role","timestamp":"2016-09-26T16:47:24.913Z"}
{"level":"info","message":"Body: {}","timestamp":"2016-09-26T16:47:24.914Z"}
{"level":"info","message":"POST /api/cases/add","timestamp":"2016-09-26T16:47:27.295Z"}
{"level":"info","message":"Body: {\"name\":\"Purchase\",\"body\":\"{\\\"acquisitionFor\\\":\\\"werwer\\\",\\\"where\\\":\\\"werwerwe\\\"}\"}","timestamp":"2016-09-26T16:47:27.295Z"}
{"level":"info","message":"GET /api/users","timestamp":"2016-09-26T16:47:41.425Z"}
{"level":"info","message":"Body: {}","timestamp":"2016-09-26T16:47:41.426Z"}
{"level":"info","message":"GET /api/cases","timestamp":"2016-09-26T16:47:42.112Z"}
{"level":"info","message":"Body: {}","timestamp":"2016-09-26T16:47:42.112Z"}
{"level":"info","message":"GET /api/users","timestamp":"2016-09-26T16:47:45.032Z"}
{"level":"info","message":"Body: {}","timestamp":"2016-09-26T16:47:45.036Z"}
{"level":"info","message":"GET /api/cases","timestamp":"2016-09-26T16:47:46.480Z"}
{"level":"info","message":"Body: {}","timestamp":"2016-09-26T16:47:46.481Z"}
{"level":"info","message":"GET /api/users/role","timestamp":"2016-09-26T16:48:01.381Z"}
{"level":"info","message":"Body: {}","timestamp":"2016-09-26T16:48:01.381Z"}
{"level":"info","message":"GET /api/users/role","timestamp":"2016-09-26T16:48:02.063Z"}
{"level":"info","message":"Body: {}","timestamp":"2016-09-26T16:48:02.063Z"}
{"level":"info","message":"GET /api/users/role","timestamp":"2016-09-26T16:48:05.015Z"}
{"level":"info","message":"Body: {}","timestamp":"2016-09-26T16:48:05.016Z"}
{"level":"info","message":"GET /api/users/role","timestamp":"2016-09-26T16:48:06.420Z"}
{"level":"info","message":"Body: {}","timestamp":"2016-09-26T16:48:06.420Z"}
{"level":"info","message":"POST /api/cases/add","timestamp":"2016-09-26T16:48:10.594Z"}
{"level":"info","message":"Body: {\"name\":\"Purchase\",\"body\":\"{\\\"acquisitionFor\\\":\\\"werwer\\\",\\\"where\\\":\\\"werwerwe\\\"}\"}","timestamp":"2016-09-26T16:48:10.595Z"}
{"level":"info","message":"GET /api/users/role","timestamp":"2016-09-26T16:48:22.913Z"}
{"level":"info","message":"Body: {}","timestamp":"2016-09-26T16:48:22.913Z"}
{"level":"info","message":"GET /api/users","timestamp":"2016-09-26T16:48:26.778Z"}
{"level":"info","message":"Body: {}","timestamp":"2016-09-26T16:48:26.779Z"}
{"level":"info","message":"GET /api/cases","timestamp":"2016-09-26T16:48:27.382Z"}
{"level":"info","message":"Body: {}","timestamp":"2016-09-26T16:48:27.382Z"}
{"level":"info","message":"POST /api/cases/add","timestamp":"2016-09-26T16:48:31.237Z"}
{"level":"info","message":"Body: {\"name\":\"Purchase\",\"body\":\"{\\\"acquisitionFor\\\":\\\"werwer\\\",\\\"where\\\":\\\"werwerwe\\\"}\"}","timestamp":"2016-09-26T16:48:31.238Z"}
{"level":"info","message":"GET /api/users/role","timestamp":"2016-09-26T16:48:33.382Z"}
{"level":"info","message":"Body: {}","timestamp":"2016-09-26T16:48:33.382Z"}
{"level":"info","message":"GET /api/users/role","timestamp":"2016-09-26T16:48:33.753Z"}
{"level":"info","message":"Body: {}","timestamp":"2016-09-26T16:48:33.754Z"}
{"level":"info","message":"POST /api/cases/add","timestamp":"2016-09-26T16:48:38.343Z"}
{"level":"info","message":"Body: {\"name\":\"Other\",\"body\":\"{\\\"title\\\":\\\"werwer\\\",\\\"message\\\":\\\"ertertert\\\"}\"}","timestamp":"2016-09-26T16:48:38.343Z"}
{"level":"info","message":"GET /api/users/role","timestamp":"2016-09-26T16:48:42.930Z"}
{"level":"info","message":"Body: {}","timestamp":"2016-09-26T16:48:42.930Z"}
{"level":"info","message":"GET /api/users/role","timestamp":"2016-09-26T16:48:46.746Z"}
{"level":"info","message":"Body: {}","timestamp":"2016-09-26T16:48:46.746Z"}
{"level":"info","message":"GET /api/users/role","timestamp":"2016-09-26T16:48:47.357Z"}
{"level":"info","message":"Body: {}","timestamp":"2016-09-26T16:48:47.358Z"}
{"level":"info","message":"GET /api/users","timestamp":"2016-09-26T16:49:37.623Z"}
{"level":"info","message":"Body: {}","timestamp":"2016-09-26T16:49:37.625Z"}
{"level":"info","message":"GET /api/cases","timestamp":"2016-09-26T16:49:39.456Z"}
{"level":"info","message":"Body: {}","timestamp":"2016-09-26T16:49:39.456Z"}
{"level":"info","message":"GET /api/users/role","timestamp":"2016-09-26T16:49:57.553Z"}
{"level":"info","message":"Body: {}","timestamp":"2016-09-26T16:49:57.553Z"}
{"level":"info","message":"GET /api/users/role","timestamp":"2016-09-26T16:49:59.432Z"}
{"level":"info","message":"Body: {}","timestamp":"2016-09-26T16:49:59.433Z"}
{"level":"info","message":"GET /api/users/role","timestamp":"2016-09-26T16:50:22.915Z"}
{"level":"info","message":"Body: {}","timestamp":"2016-09-26T16:50:22.915Z"}
{"level":"info","message":"GET /api/users/role","timestamp":"2016-09-26T16:50:33.758Z"}
{"level":"info","message":"Body: {}","timestamp":"2016-09-26T16:50:33.758Z"}
{"level":"info","message":"POST /api/cases/add","timestamp":"2016-09-26T16:50:38.348Z"}
{"level":"info","message":"Body: {\"name\":\"Other\",\"body\":\"{\\\"title\\\":\\\"werwer\\\",\\\"message\\\":\\\"ertertert\\\"}\"}","timestamp":"2016-09-26T16:50:38.349Z"}
{"level":"info","message":"GET /api/users/role","timestamp":"2016-09-26T16:50:42.932Z"}
{"level":"info","message":"Body: {}","timestamp":"2016-09-26T16:50:42.933Z"}
{"level":"info","message":"GET /api/users","timestamp":"2016-09-26T16:51:05.939Z"}
{"level":"info","message":"Body: {}","timestamp":"2016-09-26T16:51:05.939Z"}
{"level":"info","message":"GET /api/users/role","timestamp":"2016-09-26T16:51:07.567Z"}
{"level":"info","message":"Body: {}","timestamp":"2016-09-26T16:51:07.567Z"}
{"level":"info","message":"GET /api/users/role","timestamp":"2016-09-26T16:51:08.023Z"}
{"level":"info","message":"Body: {}","timestamp":"2016-09-26T16:51:08.023Z"}
{"level":"info","message":"GET /api/users","timestamp":"2016-09-26T16:51:08.137Z"}
{"level":"info","message":"Body: {}","timestamp":"2016-09-26T16:51:08.138Z"}
{"level":"info","message":"Running on port 3000!","timestamp":"2016-09-26T16:52:22.318Z"}
{"level":"info","message":"Connected to DB!","timestamp":"2016-09-26T16:52:23.234Z"}
{"level":"error","message":"MongoError E11000 duplicate key error index: peacful_base.users.$email_1 dup key: { : \"nodesynebo@gmail.com\" }","timestamp":"2016-09-26T16:52:23.542Z"}
{"level":"info","message":"GET /api/users/role","timestamp":"2016-09-26T16:52:24.899Z"}
{"level":"info","message":"Body: {}","timestamp":"2016-09-26T16:52:24.899Z"}
{"level":"info","message":"GET /api/users/role","timestamp":"2016-09-26T16:52:25.228Z"}
{"level":"info","message":"Body: {}","timestamp":"2016-09-26T16:52:25.229Z"}
{"level":"info","message":"POST /api/users/login","timestamp":"2016-09-26T16:52:35.348Z"}
{"level":"info","message":"Body: {\"email\":\"nodesynebo@gmail.com\",\"password\":\"rout_main6\"}","timestamp":"2016-09-26T16:52:35.348Z"}
{"level":"info","message":"GET /api/users/role","timestamp":"2016-09-26T16:52:35.527Z"}
{"level":"info","message":"Body: {}","timestamp":"2016-09-26T16:52:35.527Z"}
{"level":"info","message":"GET /api/users","timestamp":"2016-09-26T16:52:35.613Z"}
{"level":"info","message":"Body: {}","timestamp":"2016-09-26T16:52:35.613Z"}
{"level":"info","message":"POST /api/users/approve","timestamp":"2016-09-26T16:52:44.508Z"}
{"level":"info","message":"Body: {\"id\":\"57e9524f6fbd7e0003c73ad0\",\"status\":\"approved\"}","timestamp":"2016-09-26T16:52:44.508Z"}
{"level":"info","message":"Mail sent to: h1164775@mvrht.com","timestamp":"2016-09-26T16:52:46.414Z"}
{"level":"info","message":"GET /api/users/role","timestamp":"2016-09-26T16:53:02.321Z"}
{"level":"info","message":"Body: {}","timestamp":"2016-09-26T16:53:02.321Z"}
{"level":"info","message":"GET /api/cases","timestamp":"2016-09-26T16:53:02.395Z"}
{"level":"info","message":"Body: {}","timestamp":"2016-09-26T16:53:02.395Z"}
{"level":"info","message":"GET /api/users/role","timestamp":"2016-09-26T16:53:57.777Z"}
{"level":"info","message":"Body: {}","timestamp":"2016-09-26T16:53:57.780Z"}
{"level":"info","message":"GET /api/users","timestamp":"2016-09-26T16:53:57.824Z"}
{"level":"info","message":"Body: {}","timestamp":"2016-09-26T16:53:57.825Z"}
{"level":"info","message":"GET /api/users/role","timestamp":"2016-09-26T16:54:36.937Z"}
{"level":"info","message":"Body: {}","timestamp":"2016-09-26T16:54:36.940Z"}
{"level":"info","message":"GET /api/cases","timestamp":"2016-09-26T16:54:37.002Z"}
{"level":"info","message":"Body: {}","timestamp":"2016-09-26T16:54:37.004Z"}
{"level":"info","message":"POST /api/cases/approve","timestamp":"2016-09-26T16:54:39.637Z"}
{"level":"info","message":"Body: {\"id\":\"57e952c96fbd7e0003c73ad1\",\"status\":\"approved\"}","timestamp":"2016-09-26T16:54:39.637Z"}
{"level":"info","message":"Mail sent to: v.borsh@synebo.com","timestamp":"2016-09-26T16:54:41.509Z"}
